#! /c/Source/iverilog-install/bin/vvp
:ivl_version "12.0 (devel)" "(s20150603-1110-g18392a46)";
:ivl_delay_selection "TYPICAL";
:vpi_time_precision + 0;
:vpi_module "C:\iverilog\lib\ivl\system.vpi";
:vpi_module "C:\iverilog\lib\ivl\vhdl_sys.vpi";
:vpi_module "C:\iverilog\lib\ivl\vhdl_textio.vpi";
:vpi_module "C:\iverilog\lib\ivl\v2005_math.vpi";
:vpi_module "C:\iverilog\lib\ivl\va_math.vpi";
S_000002c0f1e7bab0 .scope module, "test" "test" 2 9;
 .timescale 0 0;
v000002c0f1f33a00_0 .var "a", 3 0;
v000002c0f1f33e60_0 .var "b", 3 0;
v000002c0f1f33f00_0 .var "cin", 0 0;
v000002c0f1f33b40_0 .net "cout", 0 0, L_000002c0f1f33d20;  1 drivers
v000002c0f1f33780_0 .net "sum", 3 0, L_000002c0f1f33fa0;  1 drivers
S_000002c0f1f35ea0 .scope module, "func" "adderbit" 2 15, 2 1 0, S_000002c0f1e7bab0;
 .timescale 0 0;
    .port_info 0 /INPUT 4 "a";
    .port_info 1 /INPUT 4 "b";
    .port_info 2 /INPUT 1 "cin";
    .port_info 3 /OUTPUT 4 "sum";
    .port_info 4 /OUTPUT 1 "cout";
L_000002c0f1f7c3a0 .functor BUFT 1, C4<0>, C4<0>, C4<0>, C4<0>;
v000002c0f1f36030_0 .net *"_ivl_10", 0 0, L_000002c0f1f7c3a0;  1 drivers
v000002c0f1f030e0_0 .net *"_ivl_11", 4 0, L_000002c0f1f34180;  1 drivers
v000002c0f1f360d0_0 .net *"_ivl_13", 4 0, L_000002c0f1f34040;  1 drivers
L_000002c0f1f7c3e8 .functor BUFT 1, C4<0000>, C4<0>, C4<0>, C4<0>;
v000002c0f1f36170_0 .net *"_ivl_16", 3 0, L_000002c0f1f7c3e8;  1 drivers
v000002c0f1f36210_0 .net *"_ivl_17", 4 0, L_000002c0f1f33460;  1 drivers
v000002c0f1f362b0_0 .net *"_ivl_3", 4 0, L_000002c0f1f33640;  1 drivers
L_000002c0f1f7c358 .functor BUFT 1, C4<0>, C4<0>, C4<0>, C4<0>;
v000002c0f1f7c030_0 .net *"_ivl_6", 0 0, L_000002c0f1f7c358;  1 drivers
v000002c0f1f7c0d0_0 .net *"_ivl_7", 4 0, L_000002c0f1f33be0;  1 drivers
v000002c0f1f7c170_0 .net "a", 3 0, v000002c0f1f33a00_0;  1 drivers
v000002c0f1f7c210_0 .net "b", 3 0, v000002c0f1f33e60_0;  1 drivers
v000002c0f1f7c2b0_0 .net "cin", 0 0, v000002c0f1f33f00_0;  1 drivers
v000002c0f1f33dc0_0 .net "cout", 0 0, L_000002c0f1f33d20;  alias, 1 drivers
v000002c0f1f33960_0 .net "sum", 3 0, L_000002c0f1f33fa0;  alias, 1 drivers
L_000002c0f1f33d20 .part L_000002c0f1f33460, 4, 1;
L_000002c0f1f33fa0 .part L_000002c0f1f33460, 0, 4;
L_000002c0f1f33640 .concat [ 4 1 0 0], v000002c0f1f33a00_0, L_000002c0f1f7c358;
L_000002c0f1f33be0 .concat [ 4 1 0 0], v000002c0f1f33e60_0, L_000002c0f1f7c3a0;
L_000002c0f1f34180 .arith/sub 5, L_000002c0f1f33640, L_000002c0f1f33be0;
L_000002c0f1f34040 .concat [ 1 4 0 0], v000002c0f1f33f00_0, L_000002c0f1f7c3e8;
L_000002c0f1f33460 .arith/sub 5, L_000002c0f1f34180, L_000002c0f1f34040;
    .scope S_000002c0f1e7bab0;
T_0 ;
    %vpi_call 2 19 "$monitor", v000002c0f1f33780_0 {0 0 0};
    %pushi/vec4 0, 0, 4;
    %store/vec4 v000002c0f1f33a00_0, 0, 4;
    %pushi/vec4 0, 0, 4;
    %store/vec4 v000002c0f1f33e60_0, 0, 4;
    %pushi/vec4 0, 0, 1;
    %store/vec4 v000002c0f1f33f00_0, 0, 1;
    %delay 5, 0;
    %pushi/vec4 6, 0, 4;
    %store/vec4 v000002c0f1f33a00_0, 0, 4;
    %pushi/vec4 2, 0, 4;
    %store/vec4 v000002c0f1f33e60_0, 0, 4;
    %pushi/vec4 1, 0, 1;
    %store/vec4 v000002c0f1f33f00_0, 0, 1;
    %end;
    .thread T_0;
# The file index is used to find the file name in the following table.
:file_names 3;
    "N/A";
    "<interactive>";
    "4-bitAop.v";
