#! /usr/local/bin/vvp
:ivl_version "10.3 (stable)" "(v10_3)";
:ivl_delay_selection "TYPICAL";
:vpi_time_precision + 0;
:vpi_module "system";
:vpi_module "vhdl_sys";
:vpi_module "v2005_math";
:vpi_module "va_math";
S_0x263c670 .scope module, "andoperation" "andoperation" 2 1;
 .timescale 0 0;
    .port_info 0 /INPUT 1 "x"
    .port_info 1 /INPUT 1 "y"
    .port_info 2 /OUTPUT 1 "f"
o0x7f5abfb01048 .functor BUFZ 1, C4<z>; HiZ drive
o0x7f5abfb01078 .functor BUFZ 1, C4<z>; HiZ drive
L_0x264a830 .functor AND 1, o0x7f5abfb01048, o0x7f5abfb01078, C4<1>, C4<1>;
v0x263c860_0 .net "f", 0 0, L_0x264a830;  1 drivers
v0x264a620_0 .net "x", 0 0, o0x7f5abfb01048;  0 drivers
v0x264a6e0_0 .net "y", 0 0, o0x7f5abfb01078;  0 drivers
# The file index is used to find the file name in the following table.
:file_names 3;
    "N/A";
    "<interactive>";
    "andop.v";
