#! /c/Source/iverilog-install/bin/vvp
:ivl_version "12.0 (devel)" "(s20150603-1110-g18392a46)";
:ivl_delay_selection "TYPICAL";
:vpi_time_precision + 0;
:vpi_module "C:\iverilog\lib\ivl\system.vpi";
:vpi_module "C:\iverilog\lib\ivl\vhdl_sys.vpi";
:vpi_module "C:\iverilog\lib\ivl\vhdl_textio.vpi";
:vpi_module "C:\iverilog\lib\ivl\v2005_math.vpi";
:vpi_module "C:\iverilog\lib\ivl\va_math.vpi";
S_00000198c2f36e40 .scope module, "andop" "andop" 2 1;
 .timescale 0 0;
    .port_info 0 /INPUT 1 "x";
    .port_info 1 /INPUT 1 "y";
    .port_info 2 /OUTPUT 1 "f";
o00000198c2f37008 .functor BUFZ 1, C4<z>; HiZ drive
o00000198c2f37038 .functor BUFZ 1, C4<z>; HiZ drive
L_00000198c2f03510 .functor AND 1, o00000198c2f37008, o00000198c2f37038, C4<1>, C4<1>;
v00000198c2f037d0_0 .net "f", 0 0, L_00000198c2f03510;  1 drivers
v00000198c2f030e0_0 .net "x", 0 0, o00000198c2f37008;  0 drivers
v00000198c2eed420_0 .net "y", 0 0, o00000198c2f37038;  0 drivers
# The file index is used to find the file name in the following table.
:file_names 3;
    "N/A";
    "<interactive>";
    "andop.v";
